202
0 3 D
0 4 L
0 12 U
0 14 L
0 16 R
0 21 D
0 28 U
0 29 L
0 31 R
0 32 R
0 33 R
0 34 R
0 35 R
0 38 U
1 1 R
1 2 U
1 17 D
1 31 U
1 38 U
2 12 D
2 15 L
2 17 L
2 19 L
2 21 L
2 25 R
2 28 U
3 1 U
3 2 U
3 39 R
4 28 U
5 0 D
5 4 U
5 8 L
5 35 R
6 0 R
6 2 U
6 22 D
7 0 U
7 1 L
7 12 R
7 16 R
7 17 R
7 21 R
7 22 R
7 30 R
7 34 D
7 36 L
8 1 U
8 12 U
9 8 U
9 10 L
9 24 D
10 34 D
11 0 U
11 11 D
11 20 D
11 29 D
11 34 R
11 35 R
11 38 D
12 2 D
12 8 U
13 8 U
13 10 L
13 30 D
14 11 R
14 12 U
14 20 R
14 24 R
14 29 R
14 30 R
14 32 R
14 34 U
15 0 D
15 2 L
15 16 D
15 38 R
16 3 R
16 6 R
16 12 U
16 22 R
16 33 D
16 37 L
17 16 R
17 18 D
17 22 U
18 3 U
18 5 L
18 24 R
18 27 D
20 0 R
20 1 D
21 0 R
21 1 D
21 7 R
21 9 D
21 11 D
21 18 L
21 33 R
21 37 R
21 38 R
22 0 U
22 5 U
22 7 U
22 11 D
22 20 D
22 24 U
22 38 U
23 1 R
23 2 D
23 12 R
23 13 R
23 18 U
23 20 R
23 26 D
23 27 L
24 2 D
24 8 L
24 9 L
24 28 D
24 32 L
25 18 U
25 31 D
26 11 D
26 12 L
26 15 R
26 23 D
26 32 R
26 33 D
27 0 L
27 2 R
27 5 D
27 9 L
27 26 R
27 27 R
27 28 R
27 31 R
27 32 R
27 33 R
27 39 D
28 11 R
28 14 D
29 2 U
29 3 L
29 23 D
29 26 D
29 27 U
29 28 L
29 31 D
29 37 R
29 38 R
29 39 D
30 3 U
30 5 R
30 8 D
30 14 R
30 15 U
30 24 R
30 25 D
30 26 L
30 28 U
30 31 L
31 8 D
31 24 U
31 25 D
32 7 R
32 8 D
33 18 D
33 39 D
34 2 D
34 5 D
34 11 R
34 18 R
34 19 D
34 23 D
34 25 L
34 39 R
35 2 L
35 23 R
35 26 D
35 38 D
36 2 R
36 3 D
36 5 L
36 19 D
36 26 R
36 28 R
36 36 D
36 38 R
37 4 D
37 11 U
37 16 L
37 21 D
38 3 D
38 4 L
38 31 D
38 36 R
38 38 U
39 12 R
39 15 R
39 16 D
39 19 L
