191
0 7 R
0 8 D
0 29 R
0 30 R
0 31 R
0 34 U
0 35 D
0 37 L
1 3 U
1 8 R
1 11 D
1 15 R
1 22 U
2 2 L
2 11 R
2 12 D
2 35 D
3 8 U
3 10 L
3 12 R
3 14 R
3 19 R
3 21 D
3 22 L
3 26 L
4 10 U
4 12 L
4 14 L
4 29 U
4 32 L
5 35 R
5 37 D
6 21 D
6 26 D
7 12 U
8 16 D
8 18 L
8 21 R
8 22 D
8 26 L
8 30 L
10 4 D
10 37 D
11 9 R
11 10 R
11 13 D
11 14 L
11 36 R
11 37 D
12 14 U
12 15 L
12 16 L
12 27 D
12 31 L
13 3 D
13 4 L
13 26 R
13 27 D
13 37 R
14 10 R
14 11 D
14 13 R
14 14 D
14 27 D
14 34 R
14 35 D
15 11 R
15 12 D
15 27 D
15 34 U
15 37 U
16 0 D
16 24 R
16 27 D
16 31 U
17 11 U
17 14 D
17 27 R
17 31 R
17 32 R
17 35 R
17 37 D
18 0 L
18 1 L
18 3 L
18 11 L
18 12 L
18 14 L
18 19 D
18 22 D
18 37 R
18 38 D
19 10 R
19 11 U
19 19 R
19 22 R
19 27 U
19 34 R
19 37 U
20 34 U
20 38 R
20 39 D
21 5 R
21 14 U
21 27 U
21 29 R
21 31 D
21 38 L
21 39 L
22 22 R
22 27 R
22 29 U
22 35 R
22 38 U
23 22 U
24 22 U
24 26 R
24 27 U
24 29 R
24 31 D
24 32 R
24 35 U
25 23 D
25 25 L
25 31 D
26 2 R
26 9 R
26 13 R
26 22 D
26 23 L
26 25 U
26 36 R
27 8 R
27 9 U
27 13 L
27 15 L
27 18 L
27 29 U
28 0 R
28 2 U
28 4 L
28 5 L
28 13 U
28 31 D
28 36 U
29 4 U
29 23 U
29 26 L
29 30 D
29 31 L
29 36 L
29 38 L
30 16 R
30 19 R
30 22 D
30 30 U
31 6 L
31 30 U
31 36 U
31 37 L
31 38 U
33 2 R
33 4 R
33 7 D
33 10 R
33 11 D
33 36 R
33 37 R
33 38 U
34 22 D
35 22 D
35 23 L
36 7 D
36 11 D
37 13 U
37 16 L
37 20 L
37 36 U
37 37 L
37 39 L
38 3 R
38 4 U
38 6 L
38 7 D
38 9 L
38 11 L
38 22 R
38 26 D
39 26 D
39 34 R
39 35 D
