-1
-1
-1
-1
-1
-1
-1
-1
-1
-1
-1
-1
-1
-1
-1
-1
-1
-1
-1
-1
-1
-1
-1
-1
-1
-1
-1
-1
-1
-1
-1
-1
-1
-1
-1
-1
-1
-1
-1
-1
-1
-1
-1
-1
-1
-1
-1
-1
-1
-1
-1
-1
-1
-1
-1
-1
-1
-1
-1
-1
-1
-1
-1
-1
-1
-1
-1
-1
-1
-1
-1
-1
-1
-1
-1
-1
-1
-1
-1
-1
-1
-1
-1
-1
-1
-1
-1
-1
-1
-1
-1
-1
-1
-1
-1
-1
-1
-1
-1
-1
-1
-1
-1
-1
-1
-1
-1
-1
-1
-1
-1
-1
-1
-1
-1
-1
-1
-1
-1
-1
-1
-1
-1
-1
-1
-1
-1
-1
-1
-1
-1
-1
-1
-1
-1
-1
-1
-1
-1
-1
-1
-1
-1
-1
-1
-1
-1
-1
-1
-1
-1
-1
-1
-1
-1
-1
-1
-1
-1
-1
-1
-1
-1
-1
-1
-1
-1
-1
-1
-1
-1
350
350
350
350
216
216
216
155
155
155
345
345
345
185
185
185
13
13
13
35
35
35
124
124
124
152
152
152
332
332
332
332
117
117
117
117
332
332
332
332
152
152
152
152
124
124
124
35
35
35
13
13
13
185
185
185
345
345
345
155
155
155
216
216
216
350
350
350
1
1
1
1
350
350
350
350
216
216
216
155
155
155
345
345
345
185
185
185
13
13
13
35
35
35
124
124
124
152
152
152
36
36
36
36
311
311
311
311
195
195
230
230
230
34
34
34
153
153
136
136
136
136
243
243
243
302
302
302
169
169
169
26
26
26
308
308
308
60
60
150
150
150
316
316
301
301
252
252
42
42
63
63
49
49
49
168
168
168
168
168
85
85
85
122
122
122
122
115
115
242
242
242
242
242
294
294
294
12
12
208
208
208
208
47
47
47
47
330
330
330
330
330
352
352
352
173
173
173
184
270
270
270
270
270
231
231
256
256
334
334
334
1
1
1
1
334
334
334
334
256
256
256
333
333
333
231
231
231
270
270
96
96
295
295
295
338
338
338
76
76
76
104
104
104
186
186
186
186
186
278
278
186
186
123
123
123
123
126
126
126
164
164
164
142
142
353
353
93
93
93
43
43
43
43
258
258
258
143
143
232
232
145
145
91
91
23
23
23
23
23
12
12
12
294
294
20
20
20
20
224
224
224
268
268
285
285
285
268
268
268
116
116
116
170
170
187
187
187
288
288
288
266
266
266
229
229
229
321
321
321
321
216
216
216
216
350
350
350
1
1
1
1
110
110
110
110
348
348
348
348
340
340
108
108
108
108
340
340
340
340
348
348
343
343
343
343
5
5
5
234
234
234
234
234
96
96
96
295
295
295
79
79
79
70
70
70
337
337
337
337
353
93
93
93
43
43
43
43
258
258
258
143
143
314
314
314
232
232
145
145
91
91
23
23
23
23
23
12
12
12
294
294
20
20
20
20
224
224
224
268
268
285
285
285
131
131
131
65
65
65
264
264
264
152
152
152
152
332
332
332
332
117
117
117
117
172
172
17
17
17
28
28
28
107
107
28
28
17
17
17
172
172
172
117
117
281
281
357
357
357
357
101
101
101
323
323
323
323
354
354
354
233
233
233
207
207
207
24
24
24
158
158
158
24
24
24
127
127
127
155
216
216
216
350
350
350
1
1
1
1
350
350
350
350
216
216
216
321
321
321
321
229
229
229
229
266
266
266
217
217
217
25
25
358
358
358
190
190
190
78
78
78
206
206
206
365
365
365
277
277
277
131
131
131
277
277
277
279
279
279
279
240
240
240
124
124
304
304
304
304
226
226
226
362
362
362
354
354
354
354
323
323
323
101
101
101
101
357
357
357
88
88
88
14
14
14
310
310
310
32
32
286
286
286
210
210
154
154
154
154
154
154
114
114
128
128
128
118
118
118
118
359
359
359
275
275
136
136
136
243
243
243
302
302
302
169
169
169
213
213
325
325
325
225
225
225
225
225
313
313
313
115
115
115
122
122
85
85
85
85
339
339
339
315
315
315
219
219
219
219
19
19
19
232
232
232
232
143
143
258
258
43
43
43
193
193
193
193
356
356
356
356
356
141
141
141
303
303
303
303
303
295
295
295
295
96
96
96
270
270
231
231
256
256
334
334
334
1
1
1
1
110
110
110
110
348
348
348
348
340
340
108
108
108
108
95
95
95
37
37
37
37
212
212
212
300
300
300
120
120
120
120
38
38
38
320
320
320
283
283
283
74
74
74
53
53
53
282
282
282
282
282
329
329
329
329
329
130
130
130
211
211
211
361
361
361
133
133
133
215
215
215
58
58
328
328
328
51
51
51
51
51
106
106
106
276
276
276
276
276
146
146
146
146
323
323
354
354
354
233
233
233
207
207
207
89
89
89
13
13
13
13
11
11
78
78
78
78
190
190
190
217
217
217
266
266
266
288
288
288
227
227
227
227
170
170
116
116
268
268
268
285
285
285
131
131
131
65
65
65
245
245
245
245
264
264
152
152
152
152
124
124
124
304
304
304
304
124
124
124
124
152
152
152
332
332
332
332
117
117
117
117
281
281
88
88
88
88
14
14
14
178
178
178
310
310
310
310
310
32
32
286
286
286
210
210
154
154
154
154
154
154
114
114
128
128
128
118
118
118
118
306
306
306
306
306
119
119
119
119
181
181
181
181
181
200
200
200
200
302
302
302
302
169
169
169
213
213
325
325
325
225
225
225
225
225
313
313
313
115
115
115
315
315
315
315
219
219
219
219
19
19
19
145
145
145
196
196
196
327
327
327
258
258
258
43
43
43
93
93
93
93
353
353
353
337
70
70
70
70
79
79
79
295
295
295
96
96
96
270
270
231
231
256
256
334
334
334
1
1
1
1
334
334
334
334
256
256
256
231
231
270
270
96
96
295
295
295
338
338
338
4
4
289
289
289
289
236
236
236
236
40
40
40
40
236
236
236
236
16
16
16
278
278
278
342
68
68
68
68
68
221
221
221
9
9
9
9
9
9
9
157
157
157
157
159
159
159
159
159
188
188
188
162
162
162
162
69
69
84
84
84
66
66
66
43
43
93
93
93
93
353
353
353
337
70
70
70
70
141
141
141
141
336
336
336
292
292
292
208
208
208
208
12
12
12
12
294
294
12
12
208
208
208
208
47
47
47
47
330
330
330
330
330
176
176
176
167
167
167
167
184
184
184
270
270
270
270
270
231
231
333
333
333
231
231
231
355
355
355
355
5
5
5
5
343
343
343
348
348
348
348
340
340
108
108
108
108
95
95
95
237
237
237
197
197
163
163
163
163
6
6
6
37
37
37
37
212
212
212
284
284
300
300
120
120
120
120
38
38
38
320
320
320
135
135
135
244
244
244
204
204
204
130
130
130
211
211
211
361
361
361
133
133
133
215
215
215
58
58
61
61
61
61
259
259
259
259
291
291
59
59
59
323
323
323
354
354
354
233
233
233
307
307
309
309
309
81
81
35
35
35
124
124
124
152
152
152
264
264
264
264
65
65
65
264
264
264
152
152
152
152
124
124
124
35
35
35
13
13
13
185
185
185
345
345
345
155
155
155
216
216
216
350
350
350
1
1
1
1
350
350
350
350
216
216
216
155
155
155
345
345
345
185
185
185
13
13
13
35
35
35
124
124
124
152
152
152
332
332
332
332
117
117
117
117
172
172
17
17
17
28
28
28
107
107
360
360
107
107
286
286
286
32
32
32
248
248
32
32
310
310
14
14
14
88
88
88
357
357
357
160
160
160
254
254
254
254
254
267
267
267
267
273
273
273
106
106
106
106
51
51
51
328
328
328
328
328
287
287
287
48
48
48
48
133
133
133
133
133
215
215
215
175
175
175
175
166
166
166
86
86
86
86
363
363
363
363
158
158
158
158
24
24
24
127
127
127
155
345
345
345
25
25
25
25
217
217
25
25
235
235
235
321
321
321
321
7
7
7
7
256
256
231
231
270
270
96
96
295
295
295
303
303
303
303
173
173
173
173
184
167
167
167
352
352
330
330
330
47
47
47
47
47
351
351
351
351
227
227
227
227
170
170
116
116
365
365
365
277
277
277
131
131
131
65
65
65
50
50
50
153
153
34
34
230
230
230
311
311
311
311
230
230
230
230
359
359
359
359
359
275
275
306
306
306
119
119
119
119
181
181
181
181
181
54
54
30
30
30
241
241
241
308
308
308
26
26
26
169
169
169
213
213
325
325
325
213
213
213
138
138
138
138
183
183
183
183
151
151
183
183
55
55
55
87
87
87
228
228
228
228
316
316
316
349
349
349
349
149
149
149
214
214
214
29
29
29
29
29
202
202
202
63
63
49
49
49
121
121
121
239
239
239
239
239
73
73
73
73
73
22
22
22
22
168
168
168
168
85
85
85
122
122
122
122
115
115
242
242
242
242
242
294
294
294
12
12
23
23
23
91
91
91
91
91
145
145
232
232
143
143
258
258
43
43
43
93
93
93
93
353
353
353
337
70
70
70
70
79
79
79
295
295
295
96
96
96
270
270
231
231
256
256
334
334
334
1
1
1
1
334
334
334
334
256
256
256
231
231
270
270
96
96
295
295
295
79
79
79
70
70
70
337
337
337
337
353
93
93
93
43
43
43
43
258
258
258
143
143
165
165
165
143
143
143
258
258
327
327
327
193
193
193
193
193
356
356
356
356
356
220
220
220
112
112
112
112
91
91
91
91
23
23
23
23
23
12
12
12
294
294
242
242
242
115
115
115
115
115
313
313
313
225
225
225
2
2
2
2
224
224
224
268
268
116
116
116
170
170
227
227
351
351
351
351
47
47
47
47
330
330
330
330
330
352
352
352
173
173
173
303
303
303
303
295
295
295
295
338
338
338
4
4
222
222
75
75
75
75
75
40
40
40
236
236
236
236
16
16
16
278
278
278
342
278
186
186
123
123
123
123
126
126
126
164
164
164
142
142
56
56
346
346
346
346
33
33
33
271
271
271
162
162
162
188
188
188
188
159
159
159
157
157
157
157
157
159
159
159
159
159
188
188
188
162
162
162
162
69
69
84
84
84
148
148
148
148
326
326
46
46
46
46
144
144
144
144
199
199
199
199
113
113
335
335
335
335
335
168
168
168
49
49
49
49
49
63
63
63
202
202
99
99
99
202
202
202
29
29
29
239
239
239
29
29
29
202
202
202
99
99
99
301
301
316
316
150
150
60
60
60
241
241
30
30
30
54
54
54
181
181
200
200
200
200
302
302
302
302
243
243
243
136
136
136
275
275
275
359
359
275
275
306
306
306
118
118
118
118
118
128
128
128
128
114
114
114
154
154
114
114
125
125
125
21
92
218
218
218
218
318
318
318
17
17
17
17
360
360
360
360
107
107
286
286
286
140
140
140
140
32
32
32
32
32
248
248
94
94
201
201
201
201
94
94
94
94
249
310
310
310
14
14
14
88
88
88
357
357
357
101
101
101
323
323
323
323
59
59
59
293
293
293
293
364
364
364
363
363
363
86
86
86
86
166
166
166
166
86
86
86
86
161
161
161
132
132
132
44
44
44
44
44
216
216
216
216
216
350
350
350
1
1
1
1
350
350
350
350
156
156
156
105
105
105
191
191
191
8
8
67
67
67
212
212
212
300
300
300
120
120
120
120
38
38
38
255
255
255
10
10
10
10
171
171
171
10
10
10
283
283
283
283
283
74
74
74
97
97
282
282
282
329
329
329
329
329
130
130
130
204
204
204
244
244
244
265
265
265
18
18
18
18
72
72
72
361
361
72
72
182
182
182
175
175
175
215
215
215
215
58
58
328
328
328
287
287
287
48
48
48
48
133
133
133
133
133
215
215
215
58
58
61
61
61
61
293
293
293
59
59
59
59
323
323
323
101
101
101
101
160
160
160
160
357
357
357
88
88
88
14
14
14
310
310
310
32
32
286
286
286
210
210
154
154
154
154
154
154
174
174
174
125
125
21
128
128
128
128
128
118
118
118
118
359
359
359
275
275
136
136
136
153
153
153
153
331
331
331
305
305
305
134
134
305
305
302
302
302
302
169
169
169
138
138
138
183
183
183
183
151
151
322
322
322
322
60
60
60
241
241
30
30
30
54
54
54
30
30
30
241
241
241
60
60
150
150
150
316
316
301
301
252
252
42
42
63
63
202
202
99
99
99
202
202
202
29
29
29
239
239
239
73
73
73
73
73
22
22
22
22
168
168
168
168
335
335
335
113
113
113
113
113
324
324
324
219
219
219
315
315
315
315
115
115
115
115
242
242
242
242
242
23
23
23
23
12
12
12
294
294
20
20
20
20
224
224
224
2
2
2
224
224
224
268
268
116
116
116
170
170
351
351
351
227
227
227
227
288
288
288
288
266
266
266
176
176
176
167
167
167
167
352
352
173
173
173
184
270
270
270
270
270
96
96
270
270
231
231
256
256
333
333
333
256
256
256
334
334
334
343
343
343
343
348
348
348
348
340
340
108
108
108
108
95
95
95
237
237
237
197
197
90
90
319
319
319
90
90
90
177
177
177
177
274
274
274
274
198
198
198
198
163
163
6
6
6
37
37
37
37
95
95
95
95
237
237
237
197
197
41
41
41
41
41
62
62
62
62
40
40
40
40
40
75
75
75
222
222
222
222
222
4
4
76
76
76
76
104
104
104
186
186
186
186
186
100
100
186
186
123
123
123
123
126
126
126
164
164
164
337
337
337
353
111
111
353
353
93
93
93
33
33
33
33
271
271
271
162
162
162
188
188
188
188
159
159
159
157
157
157
157
157
159
159
159
159
159
188
188
188
162
162
162
162
69
69
84
84
84
66
66
66
43
43
93
93
93
93
353
353
353
337
70
70
70
70
79
79
79
295
295
295
96
96
96
270
270
231
231
256
256
334
334
334
1
1
1
1
350
350
350
350
216
216
216
155
155
155
345
345
345
185
185
185
11
11
11
11
296
296
296
296
296
206
206
279
279
279
279
279
277
277
277
277
365
365
365
187
187
187
170
170
170
227
227
170
170
116
116
268
268
268
224
224
2
2
2
225
225
225
225
223
223
223
223
225
225
225
225
325
325
325
325
325
213
213
213
169
169
302
302
302
243
243
243
136
136
136
275
275
275
359
359
230
230
230
230
230
34
34
34
311
311
311
311
36
36
36
36
180
180
180
318
318
318
218
218
218
174
174
174
125
125
114
114
114
154
154
210
210
210
210
210
210
286
286
107
107
107
28
28
17
17
17
172
172
172
117
117
281
281
88
88
88
88
57
57
57
57
178
178
178
178
310
310
310
310
310
249
249
249
31
31
31
45
45
45
45
77
77
77
45
45
45
137
137
137
137
137
94
94
94
94
201
201
201
201
147
147
147
31
31
31
31
31
31
45
45
45
45
77
77
77
299
299
267
267
267
267
267
267
273
273
273
83
83
83
83
39
39
39
146
146
323
323
354
354
354
233
233
233
307
307
309
309
309
81
81
35
35
35
13
13
13
89
89
89
89
207
207
207
24
24
24
158
158
158
139
139
139
364
364
364
364
363
363
363
161
161
161
161
132
132
132
251
251
251
251
205
205
205
105
105
105
105
105
191
191
191
192
192
192
290
290
290
135
135
135
135
135
109
109
109
109
204
204
204
130
130
130
211
211
211
361
361
361
72
72
182
182
182
82
82
82
82
175
175
175
175
215
215
215
215
58
58
61
61
61
61
291
291
259
259
291
291
59
59
59
323
323
323
354
354
354
362
362
362
362
226
226
226
304
304
304
124
124
124
124
152
152
152
264
264
264
264
65
65
65
50
50
50
65
65
65
131
131
131
285
285
285
268
268
268
224
224
20
20
20
294
294
294
294
12
12
294
294
242
242
242
115
115
115
115
115
315
315
315
315
339
339
339
85
85
85
168
168
168
49
49
49
49
49
73
73
73
239
239
239
239
239
29
29
29
214
214
214
214
214
149
149
149
349
349
349
316
316
316
316
150
150
228
228
228
228
87
87
87
87
151
151
151
151
183
183
151
151
322
322
322
322
308
308
241
241
241
30
30
30
54
54
54
181
181
200
200
200
200
302
302
302
302
305
305
305
305
134
134
15
15
15
131
131
131
131
277
277
277
365
365
365
206
206
206
78
78
78
190
190
190
217
217
217
25
25
217
217
80
80
80
217
217
217
266
266
266
176
176
176
167
167
167
167
184
184
184
173
303
303
303
303
79
79
79
79
70
70
70
337
337
337
337
111
111
353
353
93
93
93
43
43
43
43
258
258
258
143
143
314
314
314
232
232
145
145
196
196
196
327
327
327
193
193
193
193
193
43
43
43
43
66
66
84
84
84
66
66
66
43
43
93
93
93
93
353
353
353
337
70
70
70
70
79
79
79
295
295
295
96
96
96
270
270
231
231
256
256
334
334
334
1
1
1
1
350
350
350
350
156
156
156
105
105
105
191
191
191
192
192
192
290
290
290
298
298
298
320
320
283
283
283
74
74
74
97
97
272
272
272
103
103
103
103
103
246
246
246
263
263
263
263
263
171
171
171
64
64
64
64
64
3
3
3
3
52
52
52
300
300
300
300
300
284
284
212
212
37
37
37
95
95
95
95
237
237
237
197
197
90
90
319
319
319
108
108
108
108
108
340
340
340
340
348
348
110
110
110
110
334
334
334
256
256
256
333
333
333
231
231
231
270
270
96
96
355
355
5
5
5
5
343
343
343
5
5
5
355
355
355
355
96
96
295
295
295
338
338
338
4
4
76
76
76
76
203
203
203
126
126
123
123
123
253
253
253
100
100
100
342
342
68
68
68
68
68
221
221
221
250
250
250
344
250
157
157
157
157
9
9
9
9
157
157
157
157
159
159
159
159
159
188
188
188
162
162
162
162
69
69
84
84
84
148
148
148
148
326
326
165
165
165
165
179
179
179
258
258
258
327
327
327
196
196
196
145
145
145
91
91
145
145
232
232
314
314
209
209
209
46
46
46
46
46
144
144
144
144
199
199
199
199
113
113
199
199
297
297
297
297
22
22
22
22
22
168
168
168
168
85
85
85
339
339
339
315
315
315
219
219
219
219
315
315
315
315
115
115
115
115
313
313
313
225
225
225
223
223
223
223
261
260
260
138
138
138
169
169
169
213
213
325
325
325
134
134
134
134
305
305
331
331
331
153
153
153
50
50
65
65
65
264
264
264
65
65
65
131
131
131
277
277
277
365
365
365
116
116
116
170
170
227
227
351
351
351
351
47
47
47
47
208
208
208
208
12
12
12
12
294
294
242
242
242
23
23
23
23
12
12
12
294
294
20
20
20
20
189
189
189
189
2
2
2
2
224
224
224
268
268
116
116
116
365
365
365
206
206
206
296
296
206
206
78
78
78
190
190
190
358
358
358
80
80
80
235
235
25
25
25
217
217
266
266
266
229
229
229
266
266
266
176
176
176
330
330
330
352
352
352
167
167
184
184
184
173
303
303
303
303
141
141
141
141
141
336
336
336
220
220
220
336
336
336
292
292
292
336
336
336
141
141
141
356
356
356
193
193
193
193
193
43
43
43
43
93
93
93
93
353
353
353
111
111
142
142
142
56
56
346
346
346
346
56
56
56
56
164
164
164
126
126
126
203
203
338
338
4
4
289
289
289
289
75
75
75
40
40
40
236
236
236
236
40
40
40
40
62
62
62
62
62
274
274
177
177
177
177
41
41
41
41
197
197
197
197
197
163
163
163
163
6
6
6
37
37
37
37
212
212
212
67
67
67
8
8
8
71
71
71
38
38
38
38
38
255
255
255
38
38
38
320
320
320
135
135
135
244
244
244
204
204
204
130
130
130
211
211
211
361
361
361
133
133
133
48
48
48
48
48
211
211
211
211
211
130
130
130
329
329
329
130
130
130
211
211
211
361
361
361
72
72
182
182
182
175
175
175
166
166
166
86
86
86
86
161
161
161
132
132
132
44
44
44
44
44
216
216
216
216
216
350
350
350
1
1
1
1
350
350
350
350
216
216
216
321
321
321
321
229
229
229
229
266
266
266
288
288
288
187
187
187
170
170
170
116
116
268
268
268
224
224
2
2
2
225
225
225
225
223
223
223
223
194
194
194
55
55
55
55
87
87
87
228
228
228
228
301
301
301
301
99
99
202
202
202
63
63
42
42
252
252
301
301
316
316
150
150
60
60
60
308
308
241
241
241
30
30
30
54
54
54
181
181
119
119
119
119
119
306
306
306
306
275
275
275
359
359
118
118
118
128
128
128
128
114
114
114
154
154
114
114
125
125
125
21
92
218
218
218
218
318
318
318
17
17
17
17
28
28
28
107
107
286
286
286
210
210
140
140
140
140
32
32
32
32
32
248
248
94
94
249
31
31
31
45
45
45
45
77
77
77
299
299
102
102
102
347
347
137
137
137
137
94
94
94
94
249
310
310
310
14
14
14
178
178
178
57
57
57
57
88
88
88
88
281
281
281
281
117
117
238
238
238
117
117
117
332
332
332
332
180
180
180
36
36
36
311
311
311
311
34
34
34
34
153
153
331
331
331
243
243
243
243
243
302
302
302
169
169
169
213
213
325
325
325
134
134
134
134
15
15
15
131
131
131
131
277
277
277
365
365
365
206
206
206
296
296
240
240
240
240
240
124
124
35
35
35
81
81
81
309
309
307
307
307
233
233
207
207
207
139
139
139
139
139
158
158
158
363
363
363
363
86
86
86
86
161
161
161
132
132
132
251
251
251
251
205
205
205
105
105
105
105
105
191
191
191
192
192
192
290
290
290
298
298
298
320
320
283
283
283
320
320
320
38
38
38
120
120
120
300
300
300
300
212
212
212
37
37
37
6
6
6
6
163
163
163
197
197
197
197
237
237
197
197
90
90
319
319
319
90
90
90
177
177
177
177
274
274
274
274
62
62
40
40
40
40
40
236
236
236
236
16
16
16
278
278
278
186
186
100
100
253
253
253
247
247
247
247
344
344
344
344
250
221
221
221
9
9
9
9
9
9
9
157
157
157
157
159
159
159
159
159
188
188
188
162
162
162
162
69
69
84
84
84
148
148
148
148
326
326
46
46
46
46
144
144
144
144
324
324
324
219
219
219
19
19
19
145
145
145
232
232
143
143
258
258
327
327
327
196
196
196
112
112
112
112
91
91
91
91
23
23
23
23
23
12
12
12
208
208
208
208
47
47
47
47
351
351
351
351
227
227
227
227
288
288
288
288
266
266
266
176
176
176
167
167
167
167
352
352
173
173
173
184
270
270
270
270
270
231
231
256
256
7
7
256
256
334
334
334
110
110
110
348
348
348
348
340
340
348
348
343
343
343
343
5
5
5
355
355
355
355
96
96
234
234
234
96
96
96
295
295
295
79
79
79
70
70
70
141
141
141
141
303
303
303
303
303
295
295
295
295
338
338
338
203
203
126
126
164
164
164
142
142
353
353
111
111
353
353
93
93
93
33
33
33
33
271
271
271
269
269
269
269
66
66
66
66
43
43
193
193
193
193
356
356
356
356
356
141
141
141
303
303
303
303
303
295
295
295
295
96
96
96
270
270
231
231
256
256
334
334
334
1
1
1
1
350
350
350
350
216
216
216
155
155
155
127
24
24
24
207
207
207
233
233
233
354
354
354
323
323
323
146
146
276
276
276
276
259
259
259
291
291
61
61
293
293
293
59
59
59
59
323
323
323
146
146
39
39
101
101
101
160
160
160
160
254
254
254
254
254
267
267
267
267
273
273
273
106
106
106
106
51
51
51
328
328
328
328
328
287
287
287
48
48
48
48
133
133
133
133
133
361
361
361
72
72
18
18
18
82
82
166
166
166
175
175
175
215
215
215
215
58
58
61
61
61
61
293
293
293
364
364
364
363
363
363
158
158
158
158
363
363
363
363
86
86
86
86
161
161
161
132
132
132
262
262
262
257
257
257
192
192
192
191
191
191
8
8
67
67
67
212
212
212
37
37
37
6
6
6
6
52
52
52
52
52
3
3
3
64
64
64
64
263
263
263
263
171
171
171
10
10
10
255
255
255
255
38
38
38
320
320
320
135
135
135
244
244
244
204
204
204
130
130
130
329
329
329
282
282
282
282
282
97
97
97
74
74
97
97
272
272
272
103
103
103
103
103
246
246
246
263
263
263
263
263
64
64
64
64
3
3
3
3
120
120
120
300
300
300
300
212
212
212
37
37
37
95
95
95
95
108
108
108
340
340
340
340
348
348
110
110
110
110
334
334
334
256
256
256
7
7
333
333
333
333
231
231
231
270
270
96
96
234
234
234
222
222
222
222
222
4
4
338
338
203
203
126
126
164
164
164
142
142
353
353
337
111
111
353
353
93
93
93
43
43
43
43
66
66
84
84
84
269
269
269
269
69
69
69
162
162
271
271
271
33
33
33
346
346
346
129
129
129
188
188
188
188
159
159
159
344
344
344
344
250
341
341
341
221
221
221
221
68
68
68
342
342
342
342
342
278
16
16
16
236
236
236
289
289
289
289
104
104
104
76
76
76
338
338
338
295
295
295
79
79
79
70
70
70
141
141
141
141
356
356
356
220
220
220
112
112
112
112
196
196
196
196
327
327
327
258
258
258
143
143
165
165
165
179
179
179
165
165
165
209
209
209
314
314
314
232
232
145
145
91
91
145
145
19
19
19
219
219
219
324
324
324
144
144
144
199
199
199
199
297
297
297
297
335
335
335
168
168
168
85
85
85
339
339
339
122
122
122
312
312
312
312
313
313
313
189
189
189
20
20
20
20
224
224
224
268
268
285
285
285
131
131
131
277
277
277
365
365
365
187
187
187
288
288
288
227
227
227
227
170
170
116
116
170
170
351
351
351
47
47
47
47
208
208
208
208
12
12
12
12
23
23
23
242
242
242
242
294
294
294
12
12
208
208
208
208
292
292
292
292
330
330
330
330
330
352
352
352
167
167
184
184
184
173
303
303
303
303
173
173
173
173
184
167
167
167
176
176
176
176
266
266
266
217
217
217
25
25
358
358
358
80
80
80
235
235
321
321
321
321
229
229
229
229
266
266
266
217
217
217
190
190
190
78
78
78
206
206
206
296
296
11
11
11
11
11
13
13
185
185
185
345
345
345
185
185
185
13
13
13
35
35
35
124
124
124
152
152
152
36
36
36
36
180
180
180
332
332
332
117
117
117
117
281
281
88
88
88
88
14
14
14
178
178
178
310
310
310
310
310
32
32
248
248
94
94
249
94
201
201
201
201
147
147
147
201
201
201
317
317
317
317
140
140
140
140
32
32
32
32
32
310
310
14
14
14
88
88
88
357
357
357
101
101
101
323
323
323
323
354
354
354
233
233
233
207
207
207
24
24
24
127
127
127
155
216
216
216
350
350
350
1
1
1
1
350
350
350
350
216
216
216
155
155
155
127
24
24
24
207
207
207
89
89
89
81
81
81
81
304
304
304
304
226
226
226
362
362
362
307
307
307
307
233
233
354
354
354
323
323
323
59
59
59
291
291
291
259
259
51
51
51
259
259
259
276
276
276
83
83
273
273
273
273
267
267
267
299
299
299
299
299
299
77
77
102
102
77
77
45
45
45
31
31
31
31
137
137
137
137
94
94
94
94
248
248
32
32
310
310
14
14
14
88
88
88
281
281
281
281
117
117
172
172
17
17
17
28
28
28
360
360
107
107
286
286
286
210
210
140
140
140
140
210
210
210
210
154
154
154
154
154
154
174
174
174
125
125
21
92
21
195
195
195
230
230
230
34
34
34
153
153
50
50
65
65
65
131
131
131
277
277
277
365
365
365
206
206
206
296
296
206
206
78
78
78
190
190
190
217
217
217
25
25
235
235
235
80
80
358
358
358
80
80
80
229
229
229
229
266
266
266
288
288
288
187
187
187
170
170
170
227
227
351
351
351
351
47
47
47
47
330
330
330
330
330
352
352
352
167
167
184
184
184
173
303
303
303
303
295
295
295
295
338
338
338
203
203
126
126
164
164
164
142
142
56
56
346
346
346
346
129
129
129
188
188
188
188
159
159
159
344
344
344
344
250
341
341
341
247
247
247
253
253
253
253
123
123
123
186
186
186
186
278
278
342
68
68
68
68
68
221
221
221
250
250
250
157
157
157
157
159
159
159
159
159
188
188
188
162
162
162
162
271
271
271
33
33
33
93
93
93
93
353
353
353
337
111
111
337
337
70
70
70
70
79
79
79
295
295
295
96
96
96
355
355
5
5
5
5
343
343
343
334
334
334
334
110
110
110
348
348
348
348
340
340
108
108
108
108
319
319
319
319
319
90
90
90
197
197
237
237
198
198
198
198
163
163
6
6
6
37
37
37
37
212
212
212
67
67
67
8
8
8
71
71
71
38
38
38
38
38
320
320
320
283
283
283
74
74
74
280
280
280
272
272
103
103
103
103
103
246
246
246
263
263
263
263
263
171
171
171
10
10
10
255
255
255
255
38
38
38
120
120
120
3
3
3
64
64
64
64
3
3
3
3
120
120
120
38
38
38
320
320
320
135
135
135
244
244
244
204
204
204
130
130
130
211
211
211
361
361
361
72
72
182
182
182
82
82
82
82
166
166
166
86
86
86
86
363
363
363
363
364
364
364
293
293
293
364
364
364
139
139
139
139
207
207
207
207
207
89
89
89
13
13
13
13
35
35
35
124
124
124
240
240
124
124
152
152
152
264
264
264
264
245
245
50
50
50
50
153
153
331
331
331
305
305
305
134
134
15
15
15
98
98
98
285
285
285
285
285
268
268
268
224
224
2
2
2
224
224
224
268
268
116
116
116
268
268
268
224
224
20
20
20
294
294
294
294
12
12
294
294
242
242
242
115
115
115
115
115
122
122
339
339
339
85
85
85
168
168
168
335
335
335
168
168
168
22
22
22
22
73
73
73
73
49
49
49
121
121
121
42
42
42
252
252
301
301
316
316
150
150
228
228
228
228
87
87
87
87
55
55
55
183
183
183
151
151
322
322
322
322
308
308
241
241
241
30
30
30
54
54
54
181
181
200
200
200
200
302
302
302
302
243
243
243
27
27
27
119
119
306
306
306
306
275
275
275
359
359
275
275
136
136
136
243
243
243
302
302
302
169
169
169
213
213
138
138
138
138
260
260
260
261
261
223
225
225
225
225
313
313
313
115
115
115
315
315
315
315
219
219
219
219
324
324
324
144
144
144
46
46
46
46
326
326
326
326
165
165
165
165
143
143
143
258
258
43
43
43
93
93
93
93
353
353
353
337
70
70
70
70
79
79
79
295
295
295
96
96
96
270
270
231
231
256
256
334
334
334
1
1
1
1
350
350
350
350
216
216
216
321
321
321
321
229
229
229
229
266
266
266
288
288
288
187
187
187
170
170
170
116
116
268
268
268
285
285
285
98
98
98
98
98
325
325
325
213
213
213
169
169
26
26
26
308
308
308
60
60
150
150
150
316
316
349
349
349
349
149
149
149
214
214
214
29
29
29
29
29
202
202
202
63
63
49
49
49
168
168
168
168
168
335
335
335
113
113
113
113
113
199
199
144
144
144
144
324
324
324
219
219
219
19
19
19
145
145
145
91
91
112
112
112
112
220
220
220
220
356
356
356
141
141
141
336
336
336
292
292
292
208
208
208
208
47
47
47
47
351
351
351
351
227
227
227
227
170
170
116
116
365
365
365
206
206
206
78
78
78
11
11
11
11
185
185
185
185
345
345
345
155
155
155
127
24
24
24
158
158
158
139
139
139
364
364
364
364
363
363
363
161
161
161
161
132
132
132
262
262
262
205
205
205
251
251
251
257
257
257
192
192
192
71
71
71
8
8
8
67
67
67
212
212
212
284
284
300
300
120
120
120
120
3
3
3
52
52
52
6
6
6
6
6
37
37
37
37
95
95
95
95
237
237
237
197
197
90
90
319
319
319
90
90
90
177
177
177
177
41
41
41
41
62
62
62
62
274
274
198
198
198
198
274
274
274
274
62
62
40
40
40
40
40
75
75
75
289
289
289
104
104
104
76
76
76
338
338
338
203
203
126
126
123
123
123
126
126
126
164
164
164
142
142
56
56
346
346
346
346
129
129
129
188
188
188
188
159
159
159
344
344
344
344
250
221
221
221
68
68
68
341
341
341
341
247
247
247
253
253
253
253
100
100
100
342
342
278
16
16
16
236
236
236
289
289
289
289
4
4
4
4
338
338
295
295
295
79
79
79
70
70
70
337
337
337
337
111
111
353
353
93
93
93
43
43
43
43
66
66
84
84
84
69
69
69
162
162
271
271
271
33
33
33
271
271
271
269
269
269
269
84
84
84
84
148
148
148
148
326
326
165
165
165
165
143
143
143
258
258
327
327
327
196
196
196
145
145
145
232
232
314
314
209
209
209
46
46
46
46
46
209
209
209
209
209
165
165
165
179
179
179
258
258
258
43
43
43
193
193
193
193
356
356
356
356
356
141
141
141
303
303
303
303
303
173
173
173
173
184
167
167
167
352
352
330
330
330
176
176
176
266
266
266
217
217
217
25
25
358
358
358
80
80
80
235
235
321
321
321
321
7
7
7
7
333
333
333
333
231
231
231
270
270
96
96
355
355
5
5
5
5
343
343
343
334
334
334
334
110
110
110
156
156
156
156
105
105
105
205
205
205
205
205
44
44
44
132
132
132
132
132
161
161
161
86
86
86
166
166
166
166
82
82
82
18
18
265
265
265
265
244
244
244
204
204
204
109
109
109
135
135
135
135
320
320
320
298
298
290
290
290
298
298
298
320
320
283
283
283
74
74
74
97
97
282
282
282
53
53
53
53
53
74
74
74
280
280
280
246
246
246
246
263
263
263
263
263
171
171
171
10
10
10
255
255
255
255
38
38
38
320
320
320
135
135
135
244
244
244
204
204
204
130
130
130
211
211
211
48
48
48
48
48
287
287
287
287
328
328
328
51
51
51
51
51
259
259
259
291
291
61
61
58
58
58
58
215
215
133
133
133
215
215
215
58
58
61
61
61
61
259
259
259
259
276
276
276
146
146
146
146
323
323
354
354
354
233
233
233
307
307
309
309
309
226
226
226
226
304
304
304
124
124
124
124
240
240
279
279
279
277
277
277
277
131
131
131
65
65
65
264
264
264
245
245
264
264
152
152
152
152
332
332
332
332
180
180
180
318
318
318
218
218
218
28
28
28
28
17
17
17
172
172
172
117
117
332
332
332
332
152
152
152
152
124
124
124
35
35
35
13
13
13
185
185
185
345
345
345
155
155
155
216
216
216
350
350
350
1
1
1
1
334
334
334
334
256
256
256
231
231
270
270
184
184
184
184
184
173
352
352
352
330
330
330
47
47
47
47
47
208
208
208
208
12
12
12
12
294
294
242
242
242
115
115
115
115
115
122
122
85
85
85
85
168
168
168
22
22
22
22
73
73
73
73
239
239
239
239
239
29
29
29
214
214
214
214
214
149
149
149
349
349
349
99
99
99
99
99
301
301
252
252
42
42
121
121
121
49
49
49
168
168
168
168
168
335
335
335
297
297
297
199
199
199
199
113
113
324
324
324
144
144
144
46
46
46
46
326
326
326
326
148
148
84
84
84
84
66
66
66
43
43
258
258
258
143
143
232
232
145
145
91
91
112
112
112
112
196
196
196
196
327
327
327
193
193
193
193
193
356
356
356
356
356
141
141
141
336
336
336
220
220
220
336
336
336
292
292
292
330
330
330
330
330
176
176
176
266
266
266
229
229
229
80
80
80
80
358
358
358
190
190
190
78
78
78
206
206
206
296
296
11
11
11
11
11
13
13
185
185
185
345
345
345
155
155
155
216
216
216
350
350
350
156
156
156
105
105
105
191
191
191
8
8
67
67
67
212
212
212
300
300
300
120
120
120
120
38
38
38
320
320
320
135
135
135
244
244
244
204
204
204
130
130
130
329
329
329
109
109
109
329
329
329
282
282
282
282
282
97
97
97
272
272
272
280
280
246
246
246
246
103
103
103
246
246
246
263
263
263
263
263
171
171
171
10
10
10
255
255
255
255
298
298
298
298
290
290
290
192
192
192
71
71
71
192
192
192
257
257
257
251
251
251
132
132
132
132
262
262
262
205
205
205
44
44
44
127
127
127
127
127
24
24
24
158
158
158
139
139
139
364
364
364
364
293
293
293
61
61
61
291
291
259
259
51
51
51
106
106
106
273
273
273
273
267
267
267
254
254
254
254
83
83
83
276
276
146
146
146
146
39
39
101
101
101
357
357
357
88
88
88
14
14
14
310
310
310
32
32
248
248
94
94
249
31
31
31
45
45
45
45
77
77
77
102
102
347
347
137
137
137
137
94
94
94
94
201
201
201
201
147
147
147
201
201
201
317
317
317
317
140
140
140
140
210
210
210
210
286
286
107
107
107
28
28
360
360
28
28
218
218
218
218
92
92
92
92
21
125
114
114
114
154
154
114
114
128
128
128
118
118
118
118
359
359
359
275
275
136
136
136
243
243
243
302
302
302
169
169
169
26
26
26
308
308
308
322
322
151
151
151
151
183
183
55
55
55
194
194
194
194
312
312
312
313
313
313
189
189
189
2
2
2
2
224
224
224
268
268
116
116
116
170
170
227
227
187
187
187
187
365
365
365
277
277
277
131
131
131
285
285
285
98
98
98
98
98
325
325
325
134
134
134
134
305
305
331
331
331
153
153
153
34
34
230
230
230
195
195
195
311
311
36
36
36
36
180
180
180
332
332
332
117
117
117
117
172
172
238
238
238
281
281
281
281
357
357
357
357
160
160
160
57
57
57
57
178
178
178
178
57
57
57
57
160
160
160
160
101
101
101
101
323
323
323
323
354
354
354
233
233
233
307
307
309
309
309
81
81
35
35
35
124
124
124
240
240
279
279
279
240
240
240
124
124
304
304
304
304
124
124
124
124
152
152
152
264
264
264
264
65
65
65
50
50
50
65
65
65
131
131
131
15
15
15
15
98
98
98
325
325
325
225
225
225
225
225
223
223
223
223
261
260
260
138
138
138
169
169
169
302
302
302
200
200
200
200
181
181
181
181
54
54
30
30
30
241
241
241
60
60
150
150
150
228
228
228
228
150
150
150
150
60
60
60
241
241
30
30
30
54
54
54
27
27
27
27
119
119
306
306
306
306
275
275
275
136
136
136
153
153
153
153
50
50
65
65
65
131
131
131
285
285
285
268
268
268
116
116
116
170
170
351
351
351
47
47
47
47
330
330
330
330
330
352
352
352
167
167
184
184
184
173
303
303
303
303
79
79
79
79
70
70
70
337
337
337
337
70
70
70
70
79
79
79
295
295
295
96
96
96
270
270
231
231
256
256
334
334
334
1
1
1
1
334
334
334
334
256
256
256
231
231
270
270
96
96
234
234
234
222
222
222
222
222
4
4
338
338
203
203
126
126
164
164
164
142
142
353
353
337
111
111
142
142
142
56
56
346
346
346
346
33
33
33
271
271
271
162
162
162
69
69
84
84
84
66
66
66
43
43
258
258
258
143
143
314
314
314
209
209
209
165
165
165
179
179
179
258
258
258
327
327
327
196
196
196
145
145
145
91
91
112
112
112
112
220
220
220
220
356
356
356
141
141
141
336
336
336
292
292
292
208
208
208
208
47
47
47
47
351
351
351
351
170
170
170
116
116
268
268
268
224
224
2
2
2
189
189
189
189
313
313
313
312
312
312
194
194
194
223
223
223
260
260
260
138
138
138
169
169
169
213
213
325
325
325
98
98
98
15
15
15
134
134
134
305
305
302
302
302
302
243
243
243
27
27
27
119
119
306
306
306
306
275
275
275
359
359
118
118
118
128
128
128
128
114
114
114
154
154
174
174
174
92
92
21
125
21
195
195
195
311
311
230
230
230
230
34
34
34
153
153
50
50
65
65
65
131
131
131
285
285
285
131
131
131
277
277
277
365
365
365
187
187
187
288
288
288
266
266
266
176
176
176
330
330
330
352
352
352
167
167
184
184
184
173
303
303
303
303
79
79
79
79
70
70
70
79
79
79
295
295
295
96
96
96
355
355
5
5
5
5
343
343
343
348
348
348
348
340
340
156
156
156
156
350
350
350
216
216
216
321
321
321
321
235
235
235
235
80
80
358
358
358
190
190
190
217
217
217
25
25
345
345
345
345
185
185
185
13
13
13
35
35
35
81
81
81
309
309
307
307
307
233
233
207
207
207
89
89
89
207
207
207
24
24
24
158
158
158
139
139
139
364
364
364
364
363
363
363
161
161
161
161
86
86
86
166
166
166
166
82
82
82
18
18
182
182
182
72
72
72
361
361
133
133
133
215
215
215
58
58
328
328
328
287
287
287
48
48
48
48
211
211
211
211
211
130
130
130
329
329
329
282
282
282
282
282
97
97
97
74
74
53
53
53
74
74
74
280
280
280
272
272
103
103
103
103
103
246
246
246
263
263
263
263
263
171
171
171
10
10
10
255
255
255
255
298
298
298
298
320
320
298
298
290
290
290
192
192
192
71
71
71
8
8
8
191
191
8
8
67
67
67
212
212
212
300
300
300
120
120
120
120
3
3
3
52
52
52
6
6
6
6
6
163
163
163
198
198
237
237
237
237
197
197
90
90
319
319
319
95
95
95
95
108
108
108
95
95
95
37
37
37
37
6
6
6
6
163
163
163
198
198
274
274
274
274
62
62
41
41
41
41
177
177
177
177
274
274
274
274
62
62
40
40
40
40
40
75
75
75
289
289
289
104
104
104
76
76
76
104
104
104
16
16
16
16
16
236
236
236
16
16
16
278
278
278
186
186
100
100
253
253
253
123
123
123
253
253
253
247
247
247
247
341
341
341
250
250
250
344
250
221
221
221
68
68
68
221
221
221
9
9
9
9
9
9
9
157
157
157
157
159
159
159
159
159
188
188
188
129
129
129
129
33
33
33
33
33
93
93
93
93
43
43
43
43
193
193
193
193
43
43
43
43
66
66
269
269
269
269
84
84
84
84
148
148
148
148
326
326
46
46
46
46
144
144
144
144
324
324
324
113
113
113
199
199
297
297
297
297
335
335
335
168
168
168
85
85
85
339
339
339
122
122
122
115
115
315
315
315
315
219
219
219
219
19
19
19
145
145
145
91
91
23
23
23
23
23
12
12
12
294
294
242
242
242
294
294
294
20
20
20
20
224
224
224
2
2
2
225
225
225
225
223
223
223
223
194
194
194
55
55
55
55
87
87
87
228
228
228
228
316
316
316
150
150
60
60
60
308
308
241
241
241
30
30
30
54
54
54
181
181
200
200
200
200
30
30
30
30
30
26
26
26
26
322
322
322
151
151
151
151
183
183
55
55
55
87
87
87
228
228
228
228
301
301
301
301
252
252
42
42
63
63
202
202
99
99
99
301
301
228
228
228
228
87
87
87
87
55
55
55
194
194
194
194
223
223
223
225
225
225
225
2
2
2
2
224
224
224
268
268
116
116
116
170
170
187
187
187
288
288
288
266
266
266
229
229
229
321
321
321
321
216
216
216
216
350
350
350
1
1
1
1
350
350
350
350
216
216
216
155
155
155
127
24
24
24
207
207
207
233
233
233
354
354
354
323
323
323
146
146
39
39
83
83
83
254
254
254
267
267
267
267
299
299
299
299
299
299
267
267
267
267
267
267
254
254
254
254
83
83
83
39
39
39
146
146
323
323
354
354
354
233
233
233
207
207
207
24
24
24
127
127
127
155
216
216
216
350
350
350
1
1
1
1
350
350
350
350
216
216
216
44
44
44
44
44
132
132
132
132
132
161
161
161
86
86
86
166
166
166
166
175
175
175
215
215
215
215
287
287
287
287
215
215
215
215
175
175
175
175
166
166
166
86
86
86
86
161
161
161
132
132
132
44
44
44
44
44
216
216
216
216
216
350
350
350
1
1
1
1
110
110
110
110
334
334
334
256
256
256
7
7
333
333
333
333
231
231
231
270
270
96
96
355
355
5
5
5
5
234
234
234
234
234
222
222
222
222
222
4
4
338
338
203
203
126
126
164
164
164
142
142
56
56
142
142
353
353
337
111
111
353
353
93
93
93
43
43
43
43
66
66
84
84
84
148
148
148
148
326
326
46
46
46
46
144
144
144
144
324
324
324
219
219
219
19
19
19
145
145
145
232
232
143
143
258
258
179
179
179
165
165
165
209
209
209
314
314
314
232
232
145
145
91
91
112
112
112
112
220
220
220
220
356
356
356
141
141
141
336
336
336
292
292
292
208
208
208
208
47
47
47
47
351
351
351
351
227
227
227
227
170
170
116
116
365
365
365
206
206
206
296
296
240
240
240
240
240
124
124
35
35
35
81
81
81
309
309
307
307
307
362
362
362
362
226
226
226
304
304
304
124
124
124
124
152
152
152
332
332
332
332
180
180
180
36
36
36
180
180
180
318
318
318
218
218
218
174
174
174
92
92
21
125
114
114
114
154
154
114
114
128
128
128
118
118
118
118
359
359
359
275
275
306
306
306
119
119
119
119
27
27
243
243
243
331
331
331
331
331
153
153
153
50
50
65
65
65
264
264
264
245
245
65
65
65
65
131
131
131
285
285
285
268
268
268
224
224
20
20
20
189
189
189
189
313
313
313
225
225
225
2
2
2
2
225
225
225
225
223
223
223
223
261
260
260
138
138
138
169
169
169
213
213
325
325
325
134
134
134
134
305
305
134
134
15
15
15
131
131
131
131
277
277
277
279
279
279
279
206
206
206
206
206
78
78
78
190
190
190
358
358
358
80
80
80
235
235
25
